{"email":"jane.doe@example.com","fullName":"Jane Doe","level":"info","message":"Sign up for admin called","phoneNumber":"1234567890","timestamp":"2025-08-12T06:33:27.606Z"}
{"email":"jane.doe@example.com","fullName":"Jane Doe","level":"info","message":"Sign up for admin called","phoneNumber":"1234567890","timestamp":"2025-08-12T06:33:43.830Z"}
{"adminId":"689ae047f66a71d9385199d3","fullName":"Jane Doe","level":"info","message":"New Admin signed up","timestamp":"2025-08-12T06:33:43.934Z"}
{"email":"jane.doe@example.com","fullName":"Jane Doe","level":"info","message":"Sign up for admin called","phoneNumber":"1234567890","timestamp":"2025-08-12T06:37:13.693Z"}
{"adminId":"689ae119f66a71d9385199d6","fullName":"Jane Doe","level":"info","message":"New Admin signed up","timestamp":"2025-08-12T06:37:13.783Z"}
{"email":"jane.doe@example.com","fullName":"Jane Doe","level":"info","message":"Sign up for admin called","phoneNumber":"1234567890","timestamp":"2025-08-12T06:45:19.135Z"}
{"adminId":"689ae2ff073bb2c55354503e","fullName":"Jane Doe","level":"info","message":"New Admin signed up","timestamp":"2025-08-12T06:45:19.314Z"}
{"email":"jane.doe@example.com","fullName":"Jane Doe","level":"info","message":"Sign up for admin called","phoneNumber":"1234567890","timestamp":"2025-08-12T06:48:00.636Z"}
{"email":"jane.doe@example.com","fullName":"Jane Doe","level":"warn","message":"Attempt to sign up admin with existing details","password":"StrongPassword123!","phoneNumber":"1234567890","timestamp":"2025-08-12T06:48:00.668Z"}
{"email":"jane.doe@example.com","fullName":"Jane Doe","level":"info","message":"Sign up for admin called","phoneNumber":"1234567890","timestamp":"2025-08-12T06:48:08.040Z"}
{"email":"jane.doe@example.com","fullName":"Jane Doe","level":"warn","message":"Attempt to sign up admin with existing details","password":"StrongPassword123!","phoneNumber":"1234567890","timestamp":"2025-08-12T06:48:08.042Z"}
{"email":"jane.doe@example.com","fullName":"Jane Doe","level":"info","message":"Sign up for admin called","phoneNumber":"1234567890","timestamp":"2025-08-12T06:50:43.624Z"}
{"email":"jane.doe@example.com","fullName":"Jane Doe","level":"warn","message":"Attempt to sign up admin with existing email or phone number","phoneNumber":"1234567890","timestamp":"2025-08-12T06:50:43.656Z"}
{"email":"jane.doe@example.com","fullName":"Jane Doe","level":"info","message":"Sign up for admin called","phoneNumber":"1234567890","timestamp":"2025-08-12T06:50:46.640Z"}
{"email":"jane.doe@example.com","fullName":"Jane Doe","level":"warn","message":"Attempt to sign up admin with existing email or phone number","phoneNumber":"1234567890","timestamp":"2025-08-12T06:50:46.642Z"}
{"email":"jane.doe@example.com","fullName":"Jane Doe","level":"info","message":"Sign up for admin called","phoneNumber":"1234567890","timestamp":"2025-08-12T06:52:45.976Z"}
{"email":"jane.doe@example.com","fullName":"Jane Doe","level":"warn","message":"Attempt to sign up admin with existing email or phone number","phoneNumber":"1234567890","timestamp":"2025-08-12T06:52:46.034Z"}
{"email":"jane.doe@example.com","fullName":"Jane Doe","level":"info","message":"Sign up for admin called","phoneNumber":"1234567890","timestamp":"2025-08-12T06:54:07.927Z"}
{"email":"jane.doe@example.com","fullName":"Jane Doe","level":"warn","message":"Attempt to sign up admin with existing email or phone number","phoneNumber":"1234567890","timestamp":"2025-08-12T06:54:07.934Z"}
{"email":"jane.doe@example.com","fullName":"Jane Doe","level":"info","message":"Sign up for admin called","phoneNumber":"1234567890","timestamp":"2025-08-12T06:55:52.832Z"}
{"email":"jane.doe@example.com","fullName":"Jane Doe","level":"warn","message":"Attempt to sign up admin with existing email or phone number","phoneNumber":"1234567890","timestamp":"2025-08-12T06:55:52.840Z"}
{"email":"jane.doe@example.com","fullName":"Jane Doe","level":"info","message":"Sign up for admin called","phoneNumber":"1234567890","timestamp":"2025-08-12T07:14:31.607Z"}
{"email":"jane.doe@example.com","fullName":"Jane Doe","level":"warn","message":"Attempt to sign up admin with existing email or phone number","phoneNumber":"1234567890","timestamp":"2025-08-12T07:14:31.631Z"}
{"email":"jane.do2@example.com","fullName":"Jane Doe","level":"info","message":"Sign up for admin called","phoneNumber":"1234567890","timestamp":"2025-08-12T07:14:36.032Z"}
{"email":"jane.do2@example.com","fullName":"Jane Doe","level":"warn","message":"Attempt to sign up admin with existing email or phone number","phoneNumber":"1234567890","timestamp":"2025-08-12T07:14:36.036Z"}
{"email":"jane.do2@example.com","fullName":"Jane Doe","level":"info","message":"Sign up for admin called","phoneNumber":"1234567880","timestamp":"2025-08-12T07:14:41.472Z"}
{"adminId":"689ae9e1465c06e7cf7447bb","fullName":"Jane Doe","level":"info","message":"New Admin signed up successfully","timestamp":"2025-08-12T07:14:41.620Z"}
{"level":"info","message":"Sending email","timestamp":"2025-08-12T07:14:41.620Z"}
{"code":"EENVELOPE","command":"API","level":"error","message":"Error sending email No recipients defined","stack":"Error: No recipients defined\n    at SMTPConnection._formatError (/Users/kt/Desktop/Projects Codebases/mycredit_project/.next/server/chunks/node_modules_nodemailer_a9f338b9._.js:15512:19)\n    at SMTPConnection._setEnvelope (/Users/kt/Desktop/Projects Codebases/mycredit_project/.next/server/chunks/node_modules_nodemailer_a9f338b9._.js:15694:34)\n    at SMTPConnection.send (/Users/kt/Desktop/Projects Codebases/mycredit_project/.next/server/chunks/node_modules_nodemailer_a9f338b9._.js:15371:14)\n    at sendMessage (/Users/kt/Desktop/Projects Codebases/mycredit_project/.next/server/chunks/node_modules_nodemailer_a9f338b9._.js:17576:28)\n    at /Users/kt/Desktop/Projects Codebases/mycredit_project/.next/server/chunks/node_modules_nodemailer_a9f338b9._.js:17619:25\n    at SMTPConnection._actionAUTHComplete (/Users/kt/Desktop/Projects Codebases/mycredit_project/.next/server/chunks/node_modules_nodemailer_a9f338b9._.js:16135:9)\n    at SMTPConnection.<anonymous> (/Users/kt/Desktop/Projects Codebases/mycredit_project/.next/server/chunks/node_modules_nodemailer_a9f338b9._.js:15320:26)\n    at SMTPConnection._processResponse (/Users/kt/Desktop/Projects Codebases/mycredit_project/.next/server/chunks/node_modules_nodemailer_a9f338b9._.js:15653:20)\n    at SMTPConnection._onData (/Users/kt/Desktop/Projects Codebases/mycredit_project/.next/server/chunks/node_modules_nodemailer_a9f338b9._.js:15485:14)\n    at SMTPConnection._onSocketData (/Users/kt/Desktop/Projects Codebases/mycredit_project/.next/server/chunks/node_modules_nodemailer_a9f338b9._.js:15031:48)\n    at TLSSocket.emit (node:events:507:28)\n    at addChunk (node:internal/streams/readable:559:12)\n    at readableAddChunkPushByteMode (node:internal/streams/readable:510:3)\n    at Readable.push (node:internal/streams/readable:390:5)\n    at TLSWrap.onStreamRead (node:internal/stream_base_commons:189:23)","timestamp":"2025-08-12T07:14:49.215Z"}
{"email":"kirungu481@gmail.com","fullName":"Jane Doe","level":"info","message":"Sign up for admin called","phoneNumber":"1234567880","timestamp":"2025-08-12T07:23:11.537Z"}
{"email":"kirungu481@gmail.com","fullName":"Jane Doe","level":"warn","message":"Attempt to sign up admin with existing email or phone number","phoneNumber":"1234567880","timestamp":"2025-08-12T07:23:11.584Z"}
{"email":"kevinthuitairungu@gmail.com","fullName":"Jane Doe","level":"info","message":"Sign up for admin called","phoneNumber":"1234567880","timestamp":"2025-08-12T07:24:03.222Z"}
{"email":"kevinthuitairungu@gmail.com","fullName":"Jane Doe","level":"warn","message":"Attempt to sign up admin with existing email or phone number","phoneNumber":"1234567880","timestamp":"2025-08-12T07:24:03.225Z"}
{"email":"kevinthuitairungu@gmail.com","fullName":"Jane Doe","level":"info","message":"Sign up for admin called","phoneNumber":"0797154309","timestamp":"2025-08-12T07:24:11.152Z"}
{"adminId":"689aec1b465c06e7cf7447c0","fullName":"Jane Doe","level":"info","message":"New Admin signed up successfully","timestamp":"2025-08-12T07:24:11.284Z"}
{"level":"info","message":"Sending email","subject":"Welcome to MyCredit Whistleblower Portal!","timestamp":"2025-08-12T07:24:11.285Z","to":"kevinthuitairungu@gmail.com"}
{"level":"info","message":"Email sent","messageId":"<6bc23e81-d04a-d912-7734-05bd9d4e49f5@whistleblow.mycredit.co.ke>","timestamp":"2025-08-12T07:24:17.017Z"}
{"email":"kevinthuitairungu@gmail.com","fullName":"Jane Doe","level":"info","message":"Sign up for admin called","phoneNumber":"0797154309","timestamp":"2025-08-12T07:55:02.584Z"}
{"adminId":"689af356465c06e7cf7447c5","fullName":"Jane Doe","level":"info","message":"New Admin signed up successfully","timestamp":"2025-08-12T07:55:02.756Z"}
{"level":"info","message":"Sending email","subject":"Welcome to MyCredit Whistleblower Portal!","timestamp":"2025-08-12T07:55:02.756Z","to":"kevinthuitairungu@gmail.com"}
{"level":"info","message":"Email sent","messageId":"<ac828681-3ed4-080d-923c-1b5575f246be@whistleblow.mycredit.co.ke>","timestamp":"2025-08-12T07:55:11.761Z"}
{"email":"kevinthuitairungu@gmail.com","fullName":"Jane Doe","level":"info","message":"Sign up for admin called","phoneNumber":"0797154309","timestamp":"2025-08-12T07:57:24.849Z"}
{"adminId":"689af3e5465c06e7cf7447ca","fullName":"Jane Doe","level":"info","message":"New Admin signed up successfully","timestamp":"2025-08-12T07:57:25.051Z"}
{"level":"info","message":"Sending email","subject":"Welcome to MyCredit Whistleblower Portal!","timestamp":"2025-08-12T07:57:25.051Z","to":"kevinthuitairungu@gmail.com"}
{"level":"info","message":"Email sent","messageId":"<6d5dcad8-e043-86e7-f893-194e1d884ee0@whistleblow.mycredit.co.ke>","timestamp":"2025-08-12T07:57:27.441Z"}
{"email":"kevinthuitairungu@gmail.com","fullName":"Jane Doe","level":"info","message":"Sign up for admin called","phoneNumber":"0797154309","timestamp":"2025-08-12T08:01:18.835Z"}
{"adminId":"689af4cf465c06e7cf7447cf","fullName":"Jane Doe","level":"info","message":"New Admin signed up successfully","timestamp":"2025-08-12T08:01:19.028Z"}
{"level":"info","message":"Sending email","subject":"Welcome to MyCredit Whistleblower Portal!","timestamp":"2025-08-12T08:01:19.028Z","to":"kevinthuitairungu@gmail.com"}
{"level":"info","message":"Email sent","messageId":"<ac61cd4b-d847-97ce-536d-6d51418cc54c@whistleblow.mycredit.co.ke>","timestamp":"2025-08-12T08:01:27.585Z"}
{"email":"kevinthuitairungu@gmail.com","fullName":"Jane Doe","level":"info","message":"Sign up for admin called","phoneNumber":"0797154309","timestamp":"2025-08-12T08:03:41.557Z"}
{"adminId":"689af55d465c06e7cf7447d4","fullName":"Jane Doe","level":"info","message":"New Admin signed up successfully","timestamp":"2025-08-12T08:03:41.713Z"}
{"level":"info","message":"Sending email","subject":"Welcome to MyCredit Whistleblower Portal!","timestamp":"2025-08-12T08:03:41.714Z","to":"kevinthuitairungu@gmail.com"}
{"level":"info","message":"Email sent","messageId":"<f493746b-c307-943e-875d-eb0cc8c9045f@whistleblow.mycredit.co.ke>","timestamp":"2025-08-12T08:03:43.866Z"}
{"email":"kevinthuitairungu@gmail.com","fullName":"Jane Doe","level":"info","message":"Sign up for admin called","phoneNumber":"0797154309","timestamp":"2025-08-12T08:06:39.373Z"}
{"adminId":"689af60f465c06e7cf7447d9","fullName":"Jane Doe","level":"info","message":"New Admin signed up successfully","timestamp":"2025-08-12T08:06:39.571Z"}
{"level":"info","message":"Sending email","subject":"Welcome to MyCredit Whistleblower Portal!","timestamp":"2025-08-12T08:06:39.572Z","to":"kevinthuitairungu@gmail.com"}
{"level":"info","message":"Email sent","messageId":"<a3bd9eef-d3b7-d335-76ba-4823b8d02417@whistleblow.mycredit.co.ke>","timestamp":"2025-08-12T08:06:46.001Z"}
{"email":"kevinthuitairungu@gmail.com","fullName":"Jane Doe","level":"info","message":"Sign up for admin called","phoneNumber":"0797154309","timestamp":"2025-08-12T08:07:55.246Z"}
{"adminId":"689af65b465c06e7cf7447de","fullName":"Jane Doe","level":"info","message":"New Admin signed up successfully","timestamp":"2025-08-12T08:07:55.398Z"}
{"level":"info","message":"Sending email","subject":"Welcome to MyCredit Whistleblower Portal!","timestamp":"2025-08-12T08:07:55.398Z","to":"kevinthuitairungu@gmail.com"}
{"level":"info","message":"Email sent","messageId":"<9dc0e6fb-e5d3-669d-40d1-bb2aa6cc7e54@whistleblow.mycredit.co.ke>","timestamp":"2025-08-12T08:07:57.829Z"}
{"email":"kevinthuitairungu@gmail.com","fullName":"Jane Doe","level":"info","message":"Sign up for admin called","phoneNumber":"0797154309","timestamp":"2025-08-12T08:10:33.966Z"}
{"adminId":"689af6fa465c06e7cf7447e3","fullName":"Jane Doe","level":"info","message":"New Admin signed up successfully","timestamp":"2025-08-12T08:10:34.185Z"}
{"level":"info","message":"Sending email","subject":"Welcome to MyCredit Whistleblower Portal!","timestamp":"2025-08-12T08:10:34.185Z","to":"kevinthuitairungu@gmail.com"}
{"level":"info","message":"Email sent","messageId":"<598b6e13-07d1-1868-ff82-7b988ff2d8a3@whistleblow.mycredit.co.ke>","timestamp":"2025-08-12T08:10:36.617Z"}
{"email":"kevinthuitairungu@gmail.com","fullName":"Jane Doe","level":"info","message":"Sign up for admin called","phoneNumber":"0797154309","timestamp":"2025-08-12T08:11:28.903Z"}
{"adminId":"689af731465c06e7cf7447e8","fullName":"Jane Doe","level":"info","message":"New Admin signed up successfully","timestamp":"2025-08-12T08:11:29.068Z"}
{"level":"info","message":"Sending email","subject":"Welcome to MyCredit Whistleblower Portal!","timestamp":"2025-08-12T08:11:29.068Z","to":"kevinthuitairungu@gmail.com"}
{"level":"info","message":"Email sent","messageId":"<f3f89e6c-0103-0b48-9684-c136e811058d@whistleblow.mycredit.co.ke>","timestamp":"2025-08-12T08:11:31.342Z"}
{"email":"kevinthuitairungu@gmail.com","fullName":"Jane Doe","level":"info","message":"Sign up for admin called","phoneNumber":"0797154309","timestamp":"2025-08-12T08:12:20.700Z"}
{"adminId":"689af764465c06e7cf7447ed","fullName":"Jane Doe","level":"info","message":"New Admin signed up successfully","timestamp":"2025-08-12T08:12:20.850Z"}
{"level":"info","message":"Sending email","subject":"Welcome to MyCredit Whistleblower Portal!","timestamp":"2025-08-12T08:12:20.851Z","to":"kevinthuitairungu@gmail.com"}
{"level":"info","message":"Email sent","messageId":"<cdcbe60b-aae4-25f1-679f-d72a322ca915@whistleblow.mycredit.co.ke>","timestamp":"2025-08-12T08:12:26.880Z"}
{"email":"kevinthuitairungu@gmail.com","fullName":"Jane Doe","level":"info","message":"Sign up for admin called","phoneNumber":"0797154309","timestamp":"2025-08-12T08:13:28.146Z"}
{"adminId":"689af7a8465c06e7cf7447f2","fullName":"Jane Doe","level":"info","message":"New Admin signed up successfully","timestamp":"2025-08-12T08:13:28.264Z"}
{"level":"info","message":"Sending email","subject":"Welcome to MyCredit Whistleblower Portal!","timestamp":"2025-08-12T08:13:28.265Z","to":"kevinthuitairungu@gmail.com"}
{"level":"info","message":"Email sent","messageId":"<bbb5f28f-ecc9-11ba-564a-32511e0dc25b@whistleblow.mycredit.co.ke>","timestamp":"2025-08-12T08:13:30.303Z"}
{"email":"kevinthuitairungu@gmail.com","fullName":"Jane Doe","level":"info","message":"Sign up for admin called","phoneNumber":"0797154309","timestamp":"2025-08-12T08:15:13.470Z"}
{"adminId":"689af811465c06e7cf7447f7","fullName":"Jane Doe","level":"info","message":"New Admin signed up successfully","timestamp":"2025-08-12T08:15:13.615Z"}
{"level":"info","message":"Sending email","subject":"Welcome to MyCredit Whistleblower Portal!","timestamp":"2025-08-12T08:15:13.615Z","to":"kevinthuitairungu@gmail.com"}
{"level":"info","message":"Email sent","messageId":"<3f8b0335-8f6d-ff10-d1a6-2a0385f23563@whistleblow.mycredit.co.ke>","timestamp":"2025-08-12T08:15:15.880Z"}
{"email":"kevinthuitairungu@gmail.com","fullName":"Jane Doe","level":"info","message":"Sign up for admin called","phoneNumber":"0797154309","timestamp":"2025-08-12T08:16:41.830Z"}
{"adminId":"689af869465c06e7cf7447fc","fullName":"Jane Doe","level":"info","message":"New Admin signed up successfully","timestamp":"2025-08-12T08:16:41.936Z"}
{"level":"info","message":"Sending email","subject":"Welcome to MyCredit Whistleblower Portal!","timestamp":"2025-08-12T08:16:41.936Z","to":"kevinthuitairungu@gmail.com"}
{"level":"info","message":"Email sent","messageId":"<b63dd421-2c2b-6d87-d530-bc5132065ec2@whistleblow.mycredit.co.ke>","timestamp":"2025-08-12T08:16:44.040Z"}
{"email":"kevinthuitairungu@gmail.com","fullName":"Jane Doe","level":"info","message":"Sign up for admin called","phoneNumber":"0797154309","timestamp":"2025-08-12T08:22:03.588Z"}
{"adminId":"689af9ab465c06e7cf744801","fullName":"Jane Doe","level":"info","message":"New Admin signed up successfully","timestamp":"2025-08-12T08:22:03.754Z"}
{"level":"info","message":"Sending email","subject":"Welcome to MyCredit Whistleblower Portal!","timestamp":"2025-08-12T08:22:03.754Z","to":"kevinthuitairungu@gmail.com"}
{"level":"info","message":"Email sent","messageId":"<00b2794e-05d0-4e00-46b7-bc209aa11d43@whistleblow.mycredit.co.ke>","timestamp":"2025-08-12T08:22:12.479Z"}
{"email":"kevinthuitairungu@gmail.com","fullName":"Jane Doe","level":"info","message":"Sign up for admin called","phoneNumber":"0797154309","timestamp":"2025-08-12T08:24:55.577Z"}
{"adminId":"689afa57465c06e7cf744806","fullName":"Jane Doe","level":"info","message":"New Admin signed up successfully","timestamp":"2025-08-12T08:24:55.699Z"}
{"level":"info","message":"Sending email","subject":"Welcome to MyCredit Whistleblower Portal!","timestamp":"2025-08-12T08:24:55.699Z","to":"kevinthuitairungu@gmail.com"}
{"level":"info","message":"Email sent","messageId":"<7795d7af-9e0a-2e53-a6cd-1f670c42d0bc@whistleblow.mycredit.co.ke>","timestamp":"2025-08-12T08:25:04.433Z"}
{"email":"kevinthuitairungu@gmail.com","fullName":"Jane Doe","level":"info","message":"Sign up for admin called","phoneNumber":"0797154309","timestamp":"2025-08-12T08:27:13.725Z"}
{"adminId":"689afae1465c06e7cf74480b","fullName":"Jane Doe","level":"info","message":"New Admin signed up successfully","timestamp":"2025-08-12T08:27:13.863Z"}
{"level":"info","message":"Sending email","subject":"Welcome to MyCredit Whistleblower Portal!","timestamp":"2025-08-12T08:27:13.863Z","to":"kevinthuitairungu@gmail.com"}
{"level":"info","message":"Email sent","messageId":"<22d7acf5-806d-5eb2-4d5b-7692bc99f1eb@whistleblow.mycredit.co.ke>","timestamp":"2025-08-12T08:27:22.568Z"}
{"email":"kevinthuitairungu@gmail.com","fullName":"Jane Doe","level":"info","message":"Sign up for admin called","phoneNumber":"0797154309","timestamp":"2025-08-12T08:27:48.315Z"}
{"adminId":"689afb04465c06e7cf744810","fullName":"Jane Doe","level":"info","message":"New Admin signed up successfully","timestamp":"2025-08-12T08:27:48.420Z"}
{"level":"info","message":"Sending email","subject":"Welcome to MyCredit Whistleblower Portal!","timestamp":"2025-08-12T08:27:48.421Z","to":"kevinthuitairungu@gmail.com"}
{"level":"info","message":"Email sent","messageId":"<66b5e265-a55a-5dc6-5cca-8410c9889e8e@whistleblow.mycredit.co.ke>","timestamp":"2025-08-12T08:27:50.683Z"}
{"email":"kevinthuitairungu@gmail.com","fullName":"Jane Doe","level":"info","message":"Sign up for admin called","phoneNumber":"0797154309","timestamp":"2025-08-12T08:28:44.219Z"}
{"adminId":"689afb3c465c06e7cf744815","fullName":"Jane Doe","level":"info","message":"New Admin signed up successfully","timestamp":"2025-08-12T08:28:44.327Z"}
{"level":"info","message":"Sending email","subject":"Welcome to MyCredit Whistleblower Portal!","timestamp":"2025-08-12T08:28:44.327Z","to":"kevinthuitairungu@gmail.com"}
{"level":"info","message":"Email sent","messageId":"<8d26b556-a8de-7dc0-8893-87cdbf9e99a4@whistleblow.mycredit.co.ke>","timestamp":"2025-08-12T08:28:48.387Z"}
{"email":"kevinthuitairungu@gmail.com","fullName":"Jane Doe","level":"info","message":"Sign up for admin called","phoneNumber":"0797154309","timestamp":"2025-08-12T08:30:29.876Z"}
{"adminId":"689afba6465c06e7cf74481a","fullName":"Jane Doe","level":"info","message":"New Admin signed up successfully","timestamp":"2025-08-12T08:30:30.085Z"}
{"level":"info","message":"Sending email","subject":"Welcome to MyCredit Whistleblower Portal!","timestamp":"2025-08-12T08:30:30.086Z","to":"kevinthuitairungu@gmail.com"}
{"level":"info","message":"Email sent","messageId":"<901ab586-8a25-c6f7-5de9-d817a4601bab@whistleblow.mycredit.co.ke>","timestamp":"2025-08-12T08:30:32.232Z"}
{"email":"kevinthuitairungu@gmail.com","fullName":"Jane Doe","level":"info","message":"Sign up for admin called","phoneNumber":"0797154309","timestamp":"2025-08-12T08:31:50.695Z"}
{"adminId":"689afbf6465c06e7cf74481f","fullName":"Jane Doe","level":"info","message":"New Admin signed up successfully","timestamp":"2025-08-12T08:31:50.802Z"}
{"level":"info","message":"Sending email","subject":"Welcome to MyCredit Whistleblower Portal!","timestamp":"2025-08-12T08:31:50.802Z","to":"kevinthuitairungu@gmail.com"}
{"level":"info","message":"Email sent","messageId":"<cef5eaf1-8388-01a2-5fd2-b3035ab0f8f5@whistleblow.mycredit.co.ke>","timestamp":"2025-08-12T08:31:53.029Z"}
{"email":"mainadunpaul@gmail.com","fullName":"Dunpaul Maina","level":"info","message":"Sign up for admin called","phoneNumber":"0797154309","timestamp":"2025-08-12T08:32:54.620Z"}
{"email":"mainadunpaul@gmail.com","fullName":"Dunpaul Maina","level":"warn","message":"Attempt to sign up admin with existing email or phone number","phoneNumber":"0797154309","timestamp":"2025-08-12T08:32:54.648Z"}
{"email":"mainadunpaul@gmail.com","fullName":"Dunpaul Maina","level":"info","message":"Sign up for admin called","phoneNumber":"0797154308","timestamp":"2025-08-12T08:33:01.074Z"}
{"adminId":"689afc3d465c06e7cf744825","fullName":"Dunpaul Maina","level":"info","message":"New Admin signed up successfully","timestamp":"2025-08-12T08:33:01.166Z"}
{"level":"info","message":"Sending email","subject":"Welcome to MyCredit Whistleblower Portal!","timestamp":"2025-08-12T08:33:01.166Z","to":"mainadunpaul@gmail.com"}
{"level":"info","message":"Email sent","messageId":"<54629ef4-7642-42f4-affc-f320ce707062@whistleblow.mycredit.co.ke>","timestamp":"2025-08-12T08:33:03.370Z"}
{"email":"mainadunpaul@gmail.com","fullName":"Dunpaul Maina","level":"info","message":"Sign up for admin called","phoneNumber":"0797154308","timestamp":"2025-08-12T08:34:22.813Z"}
{"adminId":"689afc8e465c06e7cf74482a","fullName":"Dunpaul Maina","level":"info","message":"New Admin signed up successfully","timestamp":"2025-08-12T08:34:22.907Z"}
{"level":"info","message":"Sending email","subject":"Welcome to MyCredit Whistleblower Portal!","timestamp":"2025-08-12T08:34:22.907Z","to":"mainadunpaul@gmail.com"}
{"level":"info","message":"Email sent","messageId":"<03e8f04c-dd90-de6a-d2d9-1a08ece23e0d@whistleblow.mycredit.co.ke>","timestamp":"2025-08-12T08:34:25.298Z"}
{"email":"mainadunpaul@gmail.com","fullName":"Dunpaul Maina","level":"info","message":"Sign up for admin called","phoneNumber":"0797154308","timestamp":"2025-08-12T08:35:19.127Z"}
{"adminId":"689afcc7465c06e7cf74482f","fullName":"Dunpaul Maina","level":"info","message":"New Admin signed up successfully","timestamp":"2025-08-12T08:35:19.267Z"}
{"level":"info","message":"Sending email","subject":"Welcome to MyCredit Whistleblower Portal!","timestamp":"2025-08-12T08:35:19.267Z","to":"mainadunpaul@gmail.com"}
{"level":"info","message":"Email sent","messageId":"<1d75f71e-c345-234f-1fb5-71228b60d59b@whistleblow.mycredit.co.ke>","timestamp":"2025-08-12T08:35:25.834Z"}
{"email":"mainadunpaul@gmail.com","fullName":"Dunpaul Maina","level":"info","message":"Sign up for admin called","phoneNumber":"0797154308","timestamp":"2025-08-12T08:38:37.093Z"}
{"adminId":"689afd8d465c06e7cf744834","fullName":"Dunpaul Maina","level":"info","message":"New Admin signed up successfully","timestamp":"2025-08-12T08:38:37.216Z"}
{"level":"info","message":"Sending email","subject":"Welcome to MyCredit Whistleblower Portal!","timestamp":"2025-08-12T08:38:37.217Z","to":"mainadunpaul@gmail.com"}
{"level":"info","message":"Email sent","messageId":"<c1e5ea3f-553b-ea4b-12cd-7c1fb361cb91@whistleblow.mycredit.co.ke>","timestamp":"2025-08-12T08:38:39.384Z"}
{"email":"mainadunpaul@gmail.com","fullName":"Dunpaul Maina","level":"info","message":"Sign up for admin called","phoneNumber":"0797154308","timestamp":"2025-08-12T08:39:04.281Z"}
{"adminId":"689afda8465c06e7cf744839","fullName":"Dunpaul Maina","level":"info","message":"New Admin signed up successfully","timestamp":"2025-08-12T08:39:04.373Z"}
{"level":"info","message":"Sending email","subject":"Welcome to MyCredit Whistleblower Portal!","timestamp":"2025-08-12T08:39:04.373Z","to":"mainadunpaul@gmail.com"}
{"level":"info","message":"Email sent","messageId":"<d53a6c53-8dc4-5526-eed9-083e13ffff10@whistleblow.mycredit.co.ke>","timestamp":"2025-08-12T08:39:06.398Z"}
{"email":"mainadunpaul@gmail.com","fullName":"Dunpaul Maina","level":"info","message":"Sign up for admin called","phoneNumber":"0797154308","timestamp":"2025-08-12T08:39:13.839Z"}
{"email":"mainadunpaul@gmail.com","fullName":"Dunpaul Maina","level":"warn","message":"Attempt to sign up admin with existing email or phone number","phoneNumber":"0797154308","timestamp":"2025-08-12T08:39:13.845Z"}
{"email":"kirungu481@gmail.com","fullName":"Dunpaul Maina","level":"info","message":"Sign up for admin called","phoneNumber":"0797154308","timestamp":"2025-08-12T08:46:29.522Z"}
{"adminId":"689aff65465c06e7cf74483f","fullName":"Dunpaul Maina","level":"info","message":"New Admin signed up successfully","timestamp":"2025-08-12T08:46:29.701Z"}
{"level":"info","message":"Sending email","subject":"Welcome to MyCredit Whistleblower Portal!","timestamp":"2025-08-12T08:46:29.701Z","to":"kirungu481@gmail.com"}
{"level":"info","message":"Email sent","messageId":"<97b85eaf-070d-da02-c7df-3103e1aed754@whistleblow.mycredit.co.ke>","timestamp":"2025-08-12T08:46:35.918Z"}
{"email":"kirungu481@gmail.com","fullName":"Dunpaul Maina","level":"info","message":"Sign up for admin called","phoneNumber":"0797154308","timestamp":"2025-08-12T08:48:10.561Z"}
{"adminId":"689affca465c06e7cf744844","fullName":"Dunpaul Maina","level":"info","message":"New Admin signed up successfully","timestamp":"2025-08-12T08:48:10.682Z"}
{"level":"info","message":"Sending email","subject":"Welcome to MyCredit Whistleblower Portal!","timestamp":"2025-08-12T08:48:10.683Z","to":"kirungu481@gmail.com"}
{"level":"info","message":"Email sent","messageId":"<3ccf0477-0a53-4157-5c95-364785fa0d13@whistleblow.mycredit.co.ke>","timestamp":"2025-08-12T08:48:12.685Z"}
{"email":"kirungu481@gmail.com","fullName":"Kevin Irungu","level":"info","message":"Sign up for admin called","phoneNumber":"0797154308","timestamp":"2025-08-12T08:57:37.204Z"}
{"email":"kirungu481@gmail.com","level":"warn","message":"Password confirmation failed during admin signup","timestamp":"2025-08-12T08:57:37.257Z"}
{"email":"kirungu481@gmail.com","fullName":"Kevin Irungu","level":"info","message":"Sign up for admin called","phoneNumber":"0797154308","timestamp":"2025-08-12T08:58:02.647Z"}
{"email":"kirungu481@gmail.com","level":"warn","message":"Password confirmation failed during admin signup","timestamp":"2025-08-12T08:58:02.651Z"}
{"email":"kirungu481@gmail.com","fullName":"Kevin Irungu","level":"info","message":"Sign up for admin called","phoneNumber":"0797154308","timestamp":"2025-08-12T08:58:45.072Z"}
{"email":"kirungu481@gmail.com","level":"warn","message":"Password confirmation failed during admin signup","timestamp":"2025-08-12T08:58:45.078Z"}
{"email":"kirungu481@gmail.com","fullName":"Kevin Irungu","level":"info","message":"Sign up for admin called","phoneNumber":"0797154308","timestamp":"2025-08-12T08:58:58.450Z"}
{"email":"kirungu481@gmail.com","level":"warn","message":"Password confirmation failed during admin signup","timestamp":"2025-08-12T08:58:58.475Z"}
{"email":"kirungu481@gmail.com","fullName":"Kevin Irungu","level":"info","message":"Sign up for admin called","phoneNumber":"0797154308","timestamp":"2025-08-12T08:59:27.644Z"}
{"email":"kirungu481@gmail.com","level":"warn","message":"Password confirmation failed during admin signup","timestamp":"2025-08-12T08:59:27.647Z"}
{"email":"kirungu481@gmail.com","fullName":"Kevin Irungu","level":"info","message":"Sign up for admin called","phoneNumber":"0797154308","timestamp":"2025-08-12T09:00:44.727Z"}
{"email":"kirungu481@gmail.com","level":"warn","message":"Password confirmation failed during admin signup","timestamp":"2025-08-12T09:00:44.732Z"}
{"email":"kirungu481@gmail.com","fullName":"Kevin Irungu","level":"info","message":"Sign up for admin called","phoneNumber":"0797154308","timestamp":"2025-08-12T09:03:49.970Z"}
{"email":"kirungu481@gmail.com","level":"warn","message":"Password confirmation failed during admin signup","timestamp":"2025-08-12T09:03:50.026Z"}
{"email":"kirungu481@gmail.com","fullName":"Kevin Irungu","level":"info","message":"Sign up for admin called","phoneNumber":"0797154308","timestamp":"2025-08-12T09:04:21.077Z"}
{"adminId":"689b0395b4c841c0f4993a0b","fullName":"Kevin Irungu","level":"info","message":"New Admin signed up successfully","timestamp":"2025-08-12T09:04:21.178Z"}
{"level":"info","message":"Sending email","subject":"Welcome to MyCredit Whistleblower Portal!","timestamp":"2025-08-12T09:04:21.178Z","to":"kirungu481@gmail.com"}
{"level":"info","message":"Email sent","messageId":"<ff839959-10ec-db08-4ede-f57c93fe4d85@whistleblow.mycredit.co.ke>","timestamp":"2025-08-12T09:04:28.486Z"}
{"email":"kirungu481@gmail.com","fullName":"Kevin Irungu","level":"info","message":"Sign up for admin called","phoneNumber":"0797154308","timestamp":"2025-08-12T09:08:23.573Z"}
{"email":"kirungu481@gmail.com","fullName":"Kevin Irungu","level":"warn","message":"Attempt to create a second admin blocked","phoneNumber":"0797154308","timestamp":"2025-08-12T09:08:23.579Z"}
{"email":"kirungu481@gmail.com","fullName":"Kevin Irungu","level":"info","message":"Sign up for admin called","phoneNumber":"0797154308","timestamp":"2025-08-12T09:08:26.985Z"}
{"email":"kirungu481@gmail.com","fullName":"Kevin Irungu","level":"warn","message":"Attempt to create a second admin blocked","phoneNumber":"0797154308","timestamp":"2025-08-12T09:08:26.987Z"}
{"email":"kirungu481@gmail.com","fullName":"Kevin Irungu","level":"info","message":"Sign up for admin called","phoneNumber":"0797154308","timestamp":"2025-08-12T09:39:16.716Z"}
{"email":"kirungu481@gmail.com","fullName":"Kevin Irungu","level":"warn","message":"Attempt to create a second admin blocked","phoneNumber":"0797154308","timestamp":"2025-08-12T09:39:16.768Z"}
{"level":"info","message":"Admin logged in: kirungu481@gmail.com","timestamp":"2025-08-12T09:40:53.692Z"}
{"level":"info","message":"Admin logged in: kirungu481@gmail.com","timestamp":"2025-08-12T09:41:41.233Z"}
{"level":"info","message":"Admin logged in: kirungu481@gmail.com","timestamp":"2025-08-12T09:41:57.427Z"}
{"level":"info","message":"Admin logged in: kirungu481@gmail.com","timestamp":"2025-08-12T09:43:01.446Z"}
{"level":"info","message":"Admin logged in: kirungu481@gmail.com","timestamp":"2025-08-12T09:43:23.321Z"}
{"level":"warn","message":"Login failed: wrong password (kirungu481@gmail.com)","timestamp":"2025-08-12T09:43:32.188Z"}
{"level":"warn","message":"Login failed: wrong password (kirungu481@gmail.com)","timestamp":"2025-08-12T09:44:11.106Z"}
{"level":"warn","message":"Login failed: wrong password (kirungu481@gmail.com)","timestamp":"2025-08-12T09:45:37.451Z"}
{"level":"warn","message":"Login failed: wrong password (kirungu481@gmail.com)","timestamp":"2025-08-12T09:45:47.439Z"}
{"level":"warn","message":"Login failed: wrong password (kirungu481@gmail.com)","timestamp":"2025-08-12T09:47:12.593Z"}
{"level":"warn","message":"Login failed: wrong password (kirungu481@gmail.com)","timestamp":"2025-08-12T09:47:28.133Z"}
{"level":"warn","message":"Login failed: wrong password (kirungu481@gmail.com)","timestamp":"2025-08-12T09:48:04.853Z"}
{"level":"warn","message":"Login failed: wrong password (kirungu481@gmail.com)","timestamp":"2025-08-12T09:51:33.069Z"}
{"level":"warn","message":"Login failed: wrong password (kirungu481@gmail.com)","timestamp":"2025-08-12T09:56:33.393Z"}
{"level":"warn","message":"Login failed: wrong password (kirungu481@gmail.com)","timestamp":"2025-08-12T09:56:45.698Z"}
{"email":"kirungu481@gmail.com","fullName":"Kevin Irungu","level":"info","message":"Sign up for admin called","phoneNumber":"0797154308","timestamp":"2025-08-12T09:56:52.411Z"}
{"email":"kirungu481@gmail.com","fullName":"Kevin Irungu","level":"warn","message":"Attempt to create a second admin blocked","phoneNumber":"0797154308","timestamp":"2025-08-12T09:56:52.453Z"}
{"level":"info","message":"Admin logged in: kirungu481@gmail.com","timestamp":"2025-08-12T09:57:00.787Z"}
{"level":"info","message":"Admin logged in: kirungu481@gmail.com","timestamp":"2025-08-12T10:09:25.278Z"}
{"level":"warn","message":"Login failed: wrong password (kirungu481@gmail.com)","timestamp":"2025-08-12T10:28:13.832Z"}
{"level":"info","message":"Session regenerated successfully for admin id: 689b0395b4c841c0f4993a0b","timestamp":"2025-08-12T11:52:09.751Z"}
{"level":"info","message":"Session regenerated successfully for admin id: 689b0395b4c841c0f4993a0b","timestamp":"2025-08-12T11:52:16.155Z"}
{"level":"info","message":"Session regenerated successfully for admin id: 689b0395b4c841c0f4993a0b","timestamp":"2025-08-12T11:52:26.499Z"}
{"level":"info","message":"Session regenerated successfully for admin id: 689b0395b4c841c0f4993a0b","timestamp":"2025-08-12T12:07:23.231Z"}
{"email":"kirungu481@gmail.com","fullName":"Kevin Irungu","level":"info","message":"Sign up for admin called","phoneNumber":"0797154308","timestamp":"2025-08-12T12:15:01.516Z"}
{"email":"kirungu481@gmail.com","fullName":"Kevin Irungu","level":"warn","message":"Attempt to create a second admin blocked","phoneNumber":"0797154308","timestamp":"2025-08-12T12:15:01.554Z"}
{"email":"kirungu481@gmail.com","fullName":"Kevin Irungu","level":"info","message":"Sign up for admin called","phoneNumber":"0797154308","timestamp":"2025-08-12T12:15:20.187Z"}
{"email":"kirungu481@gmail.com","fullName":"Kevin Irungu","level":"warn","message":"Attempt to create a second admin blocked","phoneNumber":"0797154308","timestamp":"2025-08-12T12:15:20.190Z"}
{"email":"kirungu481@gmail.com","fullName":"Kevin Irungu","level":"info","message":"Sign up for admin called","phoneNumber":"0797154308","timestamp":"2025-08-12T12:15:22.630Z"}
{"email":"kirungu481@gmail.com","fullName":"Kevin Irungu","level":"warn","message":"Attempt to create a second admin blocked","phoneNumber":"0797154308","timestamp":"2025-08-12T12:15:22.632Z"}
{"email":"kirungu481@gmail.com","fullName":"Kevin Irungu","level":"info","message":"Sign up for admin called","phoneNumber":"0797154308","timestamp":"2025-08-12T12:15:41.791Z"}
{"email":"kirungu481@gmail.com","fullName":"Kevin Irungu","level":"warn","message":"Attempt to create a second admin blocked","phoneNumber":"0797154308","timestamp":"2025-08-12T12:15:41.812Z"}
{"email":"kirungu481@gmail.com","fullName":"Kevin Irungu","level":"info","message":"Sign up for admin called","phoneNumber":"0797154308","timestamp":"2025-08-12T12:16:10.455Z"}
{"email":"kirungu481@gmail.com","fullName":"Kevin Irungu","level":"warn","message":"Attempt to create a second admin blocked","phoneNumber":"0797154308","timestamp":"2025-08-12T12:16:10.458Z"}
{"email":"kirungu481@gmail.com","fullName":"Kevin Irungu","level":"info","message":"Sign up for admin called","phoneNumber":"0797154308","timestamp":"2025-08-12T12:16:28.546Z"}
{"email":"kirungu481@gmail.com","fullName":"Kevin Irungu","level":"warn","message":"Attempt to create a second admin blocked","phoneNumber":"0797154308","timestamp":"2025-08-12T12:16:28.549Z"}
{"email":"kirungu481@gmail.com","fullName":"Kevin Irungu","level":"info","message":"Sign up for admin called","phoneNumber":"0797154308","timestamp":"2025-08-12T12:16:46.938Z"}
{"email":"kirungu481@gmail.com","fullName":"Kevin Irungu","level":"warn","message":"Attempt to create a second admin blocked","phoneNumber":"0797154308","timestamp":"2025-08-12T12:16:46.959Z"}
{"email":"kirungu481@gmail.com","fullName":"Kevin Irungu","level":"info","message":"Sign up for admin called","phoneNumber":"0797154308","timestamp":"2025-08-12T12:17:24.330Z"}
{"email":"kirungu481@gmail.com","fullName":"Kevin Irungu","level":"warn","message":"Attempt to create a second admin blocked","phoneNumber":"0797154308","timestamp":"2025-08-12T12:17:24.363Z"}
{"email":"kirungu481@gmail.com","fullName":"Kevin Irungu","level":"info","message":"Sign up for admin called","phoneNumber":"0797154308","timestamp":"2025-08-12T12:17:35.788Z"}
{"email":"kirungu481@gmail.com","fullName":"Kevin Irungu","level":"warn","message":"Attempt to create a second admin blocked","phoneNumber":"0797154308","timestamp":"2025-08-12T12:17:35.795Z"}
{"email":"kirungu481@gmail.com","fullName":"Kevin Irungu","level":"info","message":"Sign up for admin called","phoneNumber":"0797154308","timestamp":"2025-08-12T12:18:17.841Z"}
{"adminId":"689b3109addeeefd3e5f04de","fullName":"Kevin Irungu","level":"info","message":"New Admin signed up successfully","timestamp":"2025-08-12T12:18:17.949Z"}
{"level":"info","message":"Sending email","subject":"Welcome to MyCredit Whistleblower Portal!","timestamp":"2025-08-12T12:18:17.949Z","to":"kirungu481@gmail.com"}
{"level":"info","message":"Email sent","messageId":"<1416b8fe-eec0-3989-049e-8ddb3734ca9e@whistleblow.mycredit.co.ke>","timestamp":"2025-08-12T12:18:26.760Z"}
{"level":"warn","message":"Regenerate session failed: admin not found.","timestamp":"2025-08-12T12:21:59.267Z"}
{"level":"info","message":"Session regenerated successfully for admin id: 689b3109addeeefd3e5f04de","timestamp":"2025-08-12T12:22:10.851Z"}
{"level":"info","message":"Session regenerated successfully for admin id: 689b3109addeeefd3e5f04de","timestamp":"2025-08-12T12:23:47.610Z"}
{"email":"kirungu481@gmail.com","fullName":"Kevin Irungu","level":"info","message":"Sign up for admin called","phoneNumber":"0797154308","timestamp":"2025-08-12T12:26:28.117Z"}
{"email":"kirungu481@gmail.com","fullName":"Kevin Irungu","level":"warn","message":"Attempt to create a second admin blocked","phoneNumber":"0797154308","timestamp":"2025-08-12T12:26:28.167Z"}
{"level":"info","message":"Session regenerated successfully for admin id: 689b3109addeeefd3e5f04de","timestamp":"2025-08-12T13:18:17.668Z"}
{"level":"info","message":"Session regenerated successfully for admin id: 689b3109addeeefd3e5f04de","timestamp":"2025-08-12T13:18:20.365Z"}
{"level":"warn","message":"Session check failed: Invalid or expired token","timestamp":"2025-08-12T13:35:18.158Z"}
{"level":"warn","message":"Session check failed: Invalid session token","timestamp":"2025-08-12T13:39:46.342Z"}
{"level":"info","message":"Session validated for user: kirungu481@gmail.com","timestamp":"2025-08-12T13:40:06.046Z"}
{"level":"info","message":"Session regenerated successfully for admin id: 689b3109addeeefd3e5f04de","timestamp":"2025-08-12T13:49:28.193Z"}
{"level":"info","message":"Session regenerated successfully for admin id: 689b3109addeeefd3e5f04de","timestamp":"2025-08-12T13:49:33.375Z"}
{"level":"error","message":"Regenerate session error invalid token","name":"JsonWebTokenError","stack":"JsonWebTokenError: invalid token\n    at module.exports.[project]/node_modules/jsonwebtoken/verify.js [app-route] (ecmascript).module.exports [as verify] (/Users/kt/Desktop/Projects Codebases/mycredit_project/.next/server/chunks/node_modules_dc942084._.js:1150:21)\n    at regenerateSession (/Users/kt/Desktop/Projects Codebases/mycredit_project/.next/server/chunks/[root-of-the-server]__335f0bcd._.js:321:172)\n    at POST (/Users/kt/Desktop/Projects Codebases/mycredit_project/.next/server/chunks/[root-of-the-server]__335f0bcd._.js:387:215)\n    at AsyncLocalStorage.run (node:internal/async_local_storage/async_context_frame:59:14)\n    at AppRouteRouteModule.do (/Users/kt/Desktop/Projects Codebases/mycredit_project/node_modules/next/dist/compiled/next-server/app-route-turbo.runtime.dev.js:5:38861)\n    at /Users/kt/Desktop/Projects Codebases/mycredit_project/node_modules/next/dist/compiled/next-server/app-route-turbo.runtime.dev.js:5:48879\n    at /Users/kt/Desktop/Projects Codebases/mycredit_project/node_modules/next/dist/server/lib/trace/tracer.js:169:36\n    at NoopContextManager.with (/Users/kt/Desktop/Projects Codebases/mycredit_project/node_modules/next/dist/compiled/@opentelemetry/api/index.js:1:7062)\n    at ContextAPI.with (/Users/kt/Desktop/Projects Codebases/mycredit_project/node_modules/next/dist/compiled/@opentelemetry/api/index.js:1:518)\n    at NoopTracer.startActiveSpan (/Users/kt/Desktop/Projects Codebases/mycredit_project/node_modules/next/dist/compiled/@opentelemetry/api/index.js:1:18093)\n    at ProxyTracer.startActiveSpan (/Users/kt/Desktop/Projects Codebases/mycredit_project/node_modules/next/dist/compiled/@opentelemetry/api/index.js:1:18854)\n    at /Users/kt/Desktop/Projects Codebases/mycredit_project/node_modules/next/dist/server/lib/trace/tracer.js:151:103\n    at NoopContextManager.with (/Users/kt/Desktop/Projects Codebases/mycredit_project/node_modules/next/dist/compiled/@opentelemetry/api/index.js:1:7062)\n    at ContextAPI.with (/Users/kt/Desktop/Projects Codebases/mycredit_project/node_modules/next/dist/compiled/@opentelemetry/api/index.js:1:518)\n    at NextTracerImpl.trace (/Users/kt/Desktop/Projects Codebases/mycredit_project/node_modules/next/dist/server/lib/trace/tracer.js:151:28)\n    at /Users/kt/Desktop/Projects Codebases/mycredit_project/node_modules/next/dist/compiled/next-server/app-route-turbo.runtime.dev.js:5:48724\n    at AsyncLocalStorage.run (node:internal/async_local_storage/async_context_frame:63:14)\n    at /Users/kt/Desktop/Projects Codebases/mycredit_project/node_modules/next/dist/compiled/next-server/app-route-turbo.runtime.dev.js:5:46103\n    at AsyncLocalStorage.run (node:internal/async_local_storage/async_context_frame:63:14)\n    at /Users/kt/Desktop/Projects Codebases/mycredit_project/node_modules/next/dist/compiled/next-server/app-route-turbo.runtime.dev.js:5:46060\n    at AsyncLocalStorage.run (node:internal/async_local_storage/async_context_frame:63:14)\n    at AppRouteRouteModule.handle (/Users/kt/Desktop/Projects Codebases/mycredit_project/node_modules/next/dist/compiled/next-server/app-route-turbo.runtime.dev.js:5:46014)","timestamp":"2025-08-12T13:49:37.953Z"}
{"level":"error","message":"Regenerate session error invalid token","name":"JsonWebTokenError","stack":"JsonWebTokenError: invalid token\n    at module.exports.[project]/node_modules/jsonwebtoken/verify.js [app-route] (ecmascript).module.exports [as verify] (/Users/kt/Desktop/Projects Codebases/mycredit_project/.next/server/chunks/node_modules_dc942084._.js:1150:21)\n    at regenerateSession (/Users/kt/Desktop/Projects Codebases/mycredit_project/.next/server/chunks/[root-of-the-server]__335f0bcd._.js:321:172)\n    at POST (/Users/kt/Desktop/Projects Codebases/mycredit_project/.next/server/chunks/[root-of-the-server]__335f0bcd._.js:387:215)\n    at AsyncLocalStorage.run (node:internal/async_local_storage/async_context_frame:59:14)\n    at AppRouteRouteModule.do (/Users/kt/Desktop/Projects Codebases/mycredit_project/node_modules/next/dist/compiled/next-server/app-route-turbo.runtime.dev.js:5:38861)\n    at /Users/kt/Desktop/Projects Codebases/mycredit_project/node_modules/next/dist/compiled/next-server/app-route-turbo.runtime.dev.js:5:48879\n    at /Users/kt/Desktop/Projects Codebases/mycredit_project/node_modules/next/dist/server/lib/trace/tracer.js:169:36\n    at NoopContextManager.with (/Users/kt/Desktop/Projects Codebases/mycredit_project/node_modules/next/dist/compiled/@opentelemetry/api/index.js:1:7062)\n    at ContextAPI.with (/Users/kt/Desktop/Projects Codebases/mycredit_project/node_modules/next/dist/compiled/@opentelemetry/api/index.js:1:518)\n    at NoopTracer.startActiveSpan (/Users/kt/Desktop/Projects Codebases/mycredit_project/node_modules/next/dist/compiled/@opentelemetry/api/index.js:1:18093)\n    at ProxyTracer.startActiveSpan (/Users/kt/Desktop/Projects Codebases/mycredit_project/node_modules/next/dist/compiled/@opentelemetry/api/index.js:1:18854)\n    at /Users/kt/Desktop/Projects Codebases/mycredit_project/node_modules/next/dist/server/lib/trace/tracer.js:151:103\n    at NoopContextManager.with (/Users/kt/Desktop/Projects Codebases/mycredit_project/node_modules/next/dist/compiled/@opentelemetry/api/index.js:1:7062)\n    at ContextAPI.with (/Users/kt/Desktop/Projects Codebases/mycredit_project/node_modules/next/dist/compiled/@opentelemetry/api/index.js:1:518)\n    at NextTracerImpl.trace (/Users/kt/Desktop/Projects Codebases/mycredit_project/node_modules/next/dist/server/lib/trace/tracer.js:151:28)\n    at /Users/kt/Desktop/Projects Codebases/mycredit_project/node_modules/next/dist/compiled/next-server/app-route-turbo.runtime.dev.js:5:48724\n    at AsyncLocalStorage.run (node:internal/async_local_storage/async_context_frame:63:14)\n    at /Users/kt/Desktop/Projects Codebases/mycredit_project/node_modules/next/dist/compiled/next-server/app-route-turbo.runtime.dev.js:5:46103\n    at AsyncLocalStorage.run (node:internal/async_local_storage/async_context_frame:63:14)\n    at /Users/kt/Desktop/Projects Codebases/mycredit_project/node_modules/next/dist/compiled/next-server/app-route-turbo.runtime.dev.js:5:46060\n    at AsyncLocalStorage.run (node:internal/async_local_storage/async_context_frame:63:14)\n    at AppRouteRouteModule.handle (/Users/kt/Desktop/Projects Codebases/mycredit_project/node_modules/next/dist/compiled/next-server/app-route-turbo.runtime.dev.js:5:46014)","timestamp":"2025-08-12T13:49:39.185Z"}
{"level":"info","message":"Session regenerated successfully for admin id: 689b3109addeeefd3e5f04de","timestamp":"2025-08-12T13:50:01.676Z"}
{"level":"info","message":"Session regenerated successfully for admin id: 689b3109addeeefd3e5f04de","timestamp":"2025-08-12T13:50:13.837Z"}
{"level":"info","message":"Session regenerated successfully for admin id: 689b3109addeeefd3e5f04de","timestamp":"2025-08-12T13:50:22.988Z"}
{"level":"info","message":"Session regenerated successfully for admin id: 689b3109addeeefd3e5f04de","timestamp":"2025-08-12T13:50:26.241Z"}
{"level":"info","message":"Session regenerated successfully for admin id: 689b3109addeeefd3e5f04de","timestamp":"2025-08-12T13:50:28.117Z"}
{"level":"info","message":"Session regenerated successfully for admin id: 689b3109addeeefd3e5f04de","timestamp":"2025-08-12T13:50:29.256Z"}
{"level":"warn","message":"Session check failed: Invalid session token","timestamp":"2025-08-12T13:50:41.511Z"}
{"level":"warn","message":"Session check failed: Invalid session token","timestamp":"2025-08-12T13:50:51.543Z"}
{"level":"info","message":"Session regenerated successfully for admin id: 689b3109addeeefd3e5f04de","timestamp":"2025-08-12T13:51:03.509Z"}
{"level":"info","message":"Session regenerated successfully for admin id: 689b3109addeeefd3e5f04de","timestamp":"2025-08-12T13:55:30.487Z"}
{"email":"kirungu481@gmail.com","fullName":"Kevin Irungu","level":"info","message":"Sign up for admin called","phoneNumber":"0797154308","timestamp":"2025-08-12T13:57:48.391Z"}
{"email":"kirungu481@gmail.com","fullName":"Kevin Irungu","level":"warn","message":"Attempt to create a second admin blocked","phoneNumber":"0797154308","timestamp":"2025-08-12T13:57:48.431Z"}
{"email":"kirungu481@gmail.com","fullName":"Kevin Irungu","level":"info","message":"Sign up for admin called","phoneNumber":"0797154308","timestamp":"2025-08-12T14:02:00.192Z"}
{"email":"kirungu481@gmail.com","fullName":"Kevin Irungu","level":"warn","message":"Attempt to create a second admin blocked","phoneNumber":"0797154308","timestamp":"2025-08-12T14:02:00.230Z"}
{"email":"kirungu482@gmail.com","fullName":"Kevin Irungu","level":"info","message":"Sign up for admin called","phoneNumber":"0797154308","timestamp":"2025-08-12T14:02:05.857Z"}
{"email":"kirungu482@gmail.com","fullName":"Kevin Irungu","level":"warn","message":"Attempt to create a second admin blocked","phoneNumber":"0797154308","timestamp":"2025-08-12T14:02:05.858Z"}
{"email":"kirungu482@gmail.com","fullName":"Kevin Irungu","level":"info","message":"Sign up for admin called","phoneNumber":"0790154308","timestamp":"2025-08-12T14:02:14.513Z"}
{"email":"kirungu482@gmail.com","fullName":"Kevin Irungu","level":"warn","message":"Attempt to create a second admin blocked","phoneNumber":"0790154308","timestamp":"2025-08-12T14:02:14.515Z"}
{"email":"kirungu482@gmail.com","fullName":" Irungu","level":"info","message":"Sign up for admin called","phoneNumber":"0790154308","timestamp":"2025-08-12T14:02:22.130Z"}
{"email":"kirungu482@gmail.com","fullName":" Irungu","level":"warn","message":"Attempt to create a second admin blocked","phoneNumber":"0790154308","timestamp":"2025-08-12T14:02:22.132Z"}
{"level":"info","message":"Admin logged out successfully: 689b3109addeeefd3e5f04de","timestamp":"2025-08-12T14:29:02.563Z"}
{"level":"info","message":"Admin logged out successfully: Kevin Irungu","timestamp":"2025-08-12T14:29:39.446Z"}
{"level":"info","message":"Admin logged out successfully: Kevin Irungu","timestamp":"2025-08-12T14:29:40.239Z"}
{"level":"warn","message":"Logout failed: Invalid session token","timestamp":"2025-08-12T14:42:46.974Z"}
{"level":"warn","message":"Logout failed: Invalid session token","timestamp":"2025-08-12T14:42:49.256Z"}
{"level":"info","message":"Admin logged out successfully: Kevin Irungu","timestamp":"2025-08-12T14:43:02.732Z"}
{"level":"warn","message":"Logout failed: Invalid session token","timestamp":"2025-08-12T14:43:09.705Z"}
{"email":"kirungu482@gmail.com","fullName":" Irungu","level":"info","message":"Sign up for admin called","phoneNumber":"0790154308","timestamp":"2025-08-12T14:43:37.325Z"}
{"email":"kirungu482@gmail.com","fullName":" Irungu","level":"warn","message":"Attempt to create a second admin blocked","phoneNumber":"0790154308","timestamp":"2025-08-12T14:43:37.368Z"}
{"email":"kirungu482@gmail.com","fullName":" Irungu","level":"info","message":"Sign up for admin called","phoneNumber":"0790154308","timestamp":"2025-08-12T14:44:23.408Z"}
{"adminId":"689b5347f29a36b6b2762357","fullName":" Irungu","level":"info","message":"New Admin signed up successfully","timestamp":"2025-08-12T14:44:23.520Z"}
{"level":"info","message":"Sending email","subject":"Welcome to MyCredit Whistleblower Portal!","timestamp":"2025-08-12T14:44:23.520Z","to":"kirungu482@gmail.com"}
{"level":"info","message":"Email sent","messageId":"<458b69cc-18cd-e9d3-45e6-18772ae4daa9@whistleblow.mycredit.co.ke>","timestamp":"2025-08-12T14:44:30.492Z"}
{"email":"kirungu481@gmail.com","fullName":" Irungu","level":"info","message":"Sign up for admin called","phoneNumber":"0790154308","timestamp":"2025-08-12T14:44:54.401Z"}
{"adminId":"689b5366f29a36b6b276235c","fullName":" Irungu","level":"info","message":"New Admin signed up successfully","timestamp":"2025-08-12T14:44:54.484Z"}
{"level":"info","message":"Sending email","subject":"Welcome to MyCredit Whistleblower Portal!","timestamp":"2025-08-12T14:44:54.485Z","to":"kirungu481@gmail.com"}
{"level":"info","message":"Email sent","messageId":"<39725f0f-842b-2015-7557-65ce84fc943e@whistleblow.mycredit.co.ke>","timestamp":"2025-08-12T14:44:57.014Z"}
{"email":"kirungu481@gmail.com","fullName":" Irungu","level":"info","message":"Sign up for admin called","phoneNumber":"0790154308","timestamp":"2025-08-12T14:45:07.604Z"}
{"email":"kirungu481@gmail.com","fullName":" Irungu","level":"warn","message":"Attempt to create a second admin blocked","phoneNumber":"0790154308","timestamp":"2025-08-12T14:45:07.613Z"}
{"email":"kirungu481@gmail.com","fullName":" Irungu","level":"info","message":"Sign up for admin called","phoneNumber":"0790154308","timestamp":"2025-08-12T14:45:15.495Z"}
{"email":"kirungu481@gmail.com","fullName":" Irungu","level":"warn","message":"Attempt to create a second admin blocked","phoneNumber":"0790154308","timestamp":"2025-08-12T14:45:15.499Z"}
{"email":"kirungu481@gmail.com","fullName":" Irungu","level":"info","message":"Sign up for admin called","phoneNumber":"0790154308","timestamp":"2025-08-12T14:45:29.393Z"}
{"adminId":"689b5389f29a36b6b2762363","fullName":" Irungu","level":"info","message":"New Admin signed up successfully","timestamp":"2025-08-12T14:45:29.483Z"}
{"level":"info","message":"Sending email","subject":"Welcome to MyCredit Whistleblower Portal!","timestamp":"2025-08-12T14:45:29.483Z","to":"kirungu481@gmail.com"}
{"level":"info","message":"Email sent","messageId":"<09c38d30-67bf-c73e-42e2-ac95e3e30397@whistleblow.mycredit.co.ke>","timestamp":"2025-08-12T14:45:31.524Z"}
{"level":"warn","message":"Logout failed: Admin not found","timestamp":"2025-08-12T14:46:33.469Z"}
{"level":"info","message":"Admin logged out successfully: Irungu","timestamp":"2025-08-12T14:46:49.403Z"}
{"level":"warn","message":"Logout failed: Invalid session token","timestamp":"2025-08-12T14:47:04.749Z"}
{"level":"info","message":"Admin logged out successfully: Irungu","timestamp":"2025-08-12T14:47:20.588Z"}
{"level":"warn","message":"Session check failed: Invalid session token","timestamp":"2025-08-12T14:47:40.872Z"}
{"level":"info","message":"Session validated for user: kirungu481@gmail.com","timestamp":"2025-08-12T14:47:58.082Z"}
{"level":"info","message":"Session regenerated successfully for admin id: 689b5389f29a36b6b2762363","timestamp":"2025-08-12T14:48:25.678Z"}
{"level":"warn","message":"Session check failed: Invalid session token","timestamp":"2025-08-12T14:48:29.004Z"}
{"level":"info","message":"Session validated for user: kirungu481@gmail.com","timestamp":"2025-08-12T14:53:26.049Z"}
{"email":"kirungu481@gmail.com","fullName":" Irungu","level":"info","message":"Sign up for admin called","phoneNumber":"0790154308","timestamp":"2025-08-12T16:14:45.332Z"}
{"adminId":"689b68759f13ed11689318d7","fullName":" Irungu","level":"info","message":"New Admin signed up successfully","timestamp":"2025-08-12T16:14:45.549Z"}
{"level":"info","message":"Sending email","subject":"Welcome to MyCredit Whistleblower Portal!","timestamp":"2025-08-12T16:14:45.549Z","to":"kirungu481@gmail.com"}
{"level":"info","message":"Email sent","messageId":"<3acb5475-7ac6-388b-07b7-5b8f4ff6732c@whistleblow.mycredit.co.ke>","timestamp":"2025-08-12T16:14:52.859Z"}
{"level":"warn","message":"Login failed: wrong password (kirungu481@gmail.com)","timestamp":"2025-08-12T16:16:15.753Z"}
{"level":"warn","message":"Login failed: wrong password (kirungu481@gmail.com)","timestamp":"2025-08-12T16:16:50.609Z"}
{"level":"warn","message":"Login failed: wrong password (kirungu481@gmail.com)","timestamp":"2025-08-12T16:17:10.952Z"}
{"level":"warn","message":"Login failed: wrong password (kirungu481@gmail.com)","timestamp":"2025-08-12T16:26:11.318Z"}
{"level":"warn","message":"Login failed: admin not found (kidca@g.com)","timestamp":"2025-08-12T16:26:45.120Z"}
{"level":"warn","message":"Login failed: admin not found (acasc@f.com)","timestamp":"2025-08-12T16:28:02.026Z"}
{"level":"warn","message":"Login failed: admin not found (k@g.com)","timestamp":"2025-08-12T16:29:17.147Z"}
{"level":"warn","message":"Login failed: admin not found (kirungu@gmail.com)","timestamp":"2025-08-12T16:30:15.039Z"}
{"level":"warn","message":"Login failed: admin not found (ksdc@g.com)","timestamp":"2025-08-12T16:31:19.159Z"}
{"level":"warn","message":"Login failed: admin not found (kiru@gmail.com)","timestamp":"2025-08-12T16:33:47.644Z"}
{"level":"warn","message":"Login failed: admin not found (kasc@d.com)","timestamp":"2025-08-12T16:34:39.361Z"}
{"level":"warn","message":"Login failed: admin not found (kiru@gmail.com)","timestamp":"2025-08-12T16:35:23.037Z"}
{"level":"warn","message":"Login failed: admin not found (asfdas@gmail.com)","timestamp":"2025-08-12T16:37:05.262Z"}
{"level":"warn","message":"Login failed: admin not found (asasd@gm.com)","timestamp":"2025-08-12T16:37:32.202Z"}
{"level":"warn","message":"Login failed: admin not found (k@g.com)","timestamp":"2025-08-12T16:38:10.802Z"}
{"level":"warn","message":"Login failed: admin not found (kit@f.com)","timestamp":"2025-08-12T16:40:32.148Z"}
{"level":"warn","message":"Login failed: admin not found (kit@f.com)","timestamp":"2025-08-12T16:40:45.234Z"}
{"level":"warn","message":"Login failed: admin not found (kit@f.com)","timestamp":"2025-08-12T16:40:59.876Z"}
{"level":"warn","message":"Login failed: admin not found (kit@f.com)","timestamp":"2025-08-12T16:41:13.940Z"}
{"level":"warn","message":"Login failed: admin not found (kit@f.com)","timestamp":"2025-08-12T16:41:32.018Z"}
{"level":"warn","message":"Login failed: admin not found (kit@f.com)","timestamp":"2025-08-12T16:41:47.031Z"}
{"level":"warn","message":"Login failed: admin not found (kit@f.com)","timestamp":"2025-08-12T16:41:52.600Z"}
{"level":"warn","message":"Login failed: admin not found (kit@f.com)","timestamp":"2025-08-12T16:42:08.423Z"}
{"level":"warn","message":"Login failed: admin not found (kit@f.com)","timestamp":"2025-08-12T16:42:27.069Z"}
{"level":"warn","message":"Login failed: admin not found (kit@f.com)","timestamp":"2025-08-12T16:42:43.953Z"}
{"level":"warn","message":"Login failed: admin not found (kit@f.com)","timestamp":"2025-08-12T16:42:54.105Z"}
{"level":"warn","message":"Login failed: admin not found (kit@f.com)","timestamp":"2025-08-12T16:46:07.623Z"}
{"level":"warn","message":"Login failed: admin not found (kit@f.com)","timestamp":"2025-08-12T16:46:13.413Z"}
{"level":"warn","message":"Login failed: admin not found (kas@f.com)","timestamp":"2025-08-12T16:47:00.890Z"}
{"level":"warn","message":"Login failed: admin not found (asx@j)","timestamp":"2025-08-12T16:48:44.158Z"}
{"level":"warn","message":"Login failed: admin not found (sdcsc@d)","timestamp":"2025-08-12T16:49:13.191Z"}
{"level":"warn","message":"Login failed: admin not found (h@gmailcom)","timestamp":"2025-08-12T16:51:15.928Z"}
{"level":"warn","message":"Login failed: admin not found (d@gcom)","timestamp":"2025-08-12T16:51:36.918Z"}
{"level":"warn","message":"Login failed: wrong password (kirungu481@gmail.com)","timestamp":"2025-08-12T16:54:11.582Z"}
{"email":"kirungu481@gmail.com","fullName":" Irungu","level":"info","message":"Sign up for admin called","phoneNumber":"0790154308","timestamp":"2025-08-12T16:54:43.773Z"}
{"adminId":"689b71d3785462a172ff247c","fullName":" Irungu","level":"info","message":"New Admin signed up successfully","timestamp":"2025-08-12T16:54:43.953Z"}
{"level":"info","message":"Sending email","subject":"Welcome to MyCredit Whistleblower Portal!","timestamp":"2025-08-12T16:54:43.953Z","to":"kirungu481@gmail.com"}
{"level":"info","message":"Email sent","messageId":"<0198abf7-9779-03ad-2797-52971027580d@whistleblow.mycredit.co.ke>","timestamp":"2025-08-12T16:54:50.633Z"}
{"level":"info","message":"Login successful for admin: Irungu","timestamp":"2025-08-12T16:55:33.092Z"}
{"level":"warn","message":"Login failed: wrong password (kirungu481@gmail.com)","timestamp":"2025-08-12T16:55:58.881Z"}
{"level":"warn","message":"Login failed: wrong password (kirungu481@gmail.com)","timestamp":"2025-08-12T16:59:47.252Z"}
{"level":"info","message":"Login successful for admin: Irungu","timestamp":"2025-08-12T17:00:04.070Z"}
{"email":"kirungu481@gmail.com","fullName":" Irungu","level":"info","message":"Sign up for admin called","phoneNumber":"0790154308","timestamp":"2025-08-12T17:02:18.326Z"}
{"email":"kirungu481@gmail.com","fullName":" Irungu","level":"warn","message":"Attempt to create a second admin blocked","phoneNumber":"0790154308","timestamp":"2025-08-12T17:02:18.363Z"}
{"level":"warn","message":"Login failed: wrong password (kirungu481@gmail.com)","timestamp":"2025-08-12T17:02:27.563Z"}
{"level":"warn","message":"Login failed: wrong password (kirungu481@gmail.com)","timestamp":"2025-08-12T17:02:31.767Z"}
{"level":"warn","message":"Login failed: wrong password (kirungu481@gmail.com)","timestamp":"2025-08-12T17:02:41.009Z"}
{"level":"warn","message":"Login failed: wrong password (kirungu481@gmail.com)","timestamp":"2025-08-12T17:03:27.418Z"}
{"level":"warn","message":"Login failed: wrong password (kirungu481@gmail.com)","timestamp":"2025-08-12T17:03:43.052Z"}
{"level":"warn","message":"Login failed: wrong password (kirungu481@gmail.com)","timestamp":"2025-08-12T17:05:15.792Z"}
{"level":"warn","message":"Login failed: admin not found (kirungu@gmd)","timestamp":"2025-08-12T17:05:37.108Z"}
{"level":"warn","message":"Login failed: admin not found (asas@f.com)","timestamp":"2025-08-12T17:06:00.275Z"}
{"level":"warn","message":"Login failed: wrong password (kirungu481@gmail.com)","timestamp":"2025-08-12T17:06:14.749Z"}
{"level":"info","message":"Login successful for admin: Irungu","timestamp":"2025-08-12T17:06:21.759Z"}
{"level":"warn","message":"Login failed: wrong password (kirungu481@gmail.com)","timestamp":"2025-08-12T17:06:26.699Z"}
{"level":"warn","message":"Login failed: wrong password (kirungu481@gmail.com)","timestamp":"2025-08-12T17:06:52.303Z"}
{"level":"warn","message":"Login failed: wrong password (kirungu481@gmail.com)","timestamp":"2025-08-12T17:07:59.658Z"}
{"level":"info","message":"Login successful for admin: Irungu","timestamp":"2025-08-12T17:08:17.251Z"}
{"level":"info","message":"Login successful for admin: Irungu","timestamp":"2025-08-12T17:08:45.121Z"}
{"level":"warn","message":"Login failed: admin not found (kirungu48@gmail.com)","timestamp":"2025-08-12T17:09:46.468Z"}
{"level":"info","message":"Login successful for admin: Irungu","timestamp":"2025-08-12T17:10:03.666Z"}
{"level":"info","message":"Login successful for admin: Irungu","timestamp":"2025-08-12T17:10:36.088Z"}
{"level":"info","message":"Login successful for admin: Irungu","timestamp":"2025-08-12T17:11:57.396Z"}
{"level":"warn","message":"Login failed: wrong password (kirungu481@gmail.com)","timestamp":"2025-08-12T17:13:05.531Z"}
{"level":"warn","message":"Login failed: wrong password (kirungu481@gmail.com)","timestamp":"2025-08-12T17:13:41.246Z"}
{"level":"warn","message":"Login failed: wrong password (kirungu481@gmail.com)","timestamp":"2025-08-12T17:13:54.958Z"}
{"level":"warn","message":"Login failed: admin not found (kieungu481@gmail.com)","timestamp":"2025-08-12T17:14:14.482Z"}
{"level":"info","message":"Login successful for admin: Irungu","timestamp":"2025-08-12T17:14:28.941Z"}
{"level":"info","message":"Login successful for admin: Irungu","timestamp":"2025-08-12T17:14:56.773Z"}
{"level":"info","message":"Login successful for admin: Irungu","timestamp":"2025-08-12T17:15:15.600Z"}
{"level":"warn","message":"Login failed: admin not found (kirungu@h)","timestamp":"2025-08-12T17:16:05.617Z"}
{"level":"info","message":"Login successful for admin: Irungu","timestamp":"2025-08-12T17:16:36.776Z"}
{"level":"info","message":"Login successful for admin: Irungu","timestamp":"2025-08-12T17:16:56.467Z"}
{"level":"info","message":"Login successful for admin: Irungu","timestamp":"2025-08-12T17:18:08.540Z"}
{"level":"warn","message":"Login failed: admin not found (kirungu481@gmaill.com)","timestamp":"2025-08-12T17:18:36.818Z"}
{"level":"info","message":"Login successful for admin: Irungu","timestamp":"2025-08-12T17:19:04.273Z"}
{"level":"warn","message":"Login failed: admin not found (kirungu@j)","timestamp":"2025-08-12T17:19:18.607Z"}
{"level":"warn","message":"Login failed: admin not found (ascasc@acsasc)","timestamp":"2025-08-12T17:19:28.333Z"}
{"level":"info","message":"Login successful for admin: Irungu","timestamp":"2025-08-12T17:20:14.260Z"}
{"level":"info","message":"Login successful for admin: Irungu","timestamp":"2025-08-12T17:20:26.933Z"}
{"level":"info","message":"Login successful for admin: Irungu","timestamp":"2025-08-12T17:20:44.239Z"}
{"level":"info","message":"Login successful for admin: Irungu","timestamp":"2025-08-12T17:21:03.289Z"}
{"level":"warn","message":"Login failed: wrong password (kirungu481@gmail.com)","timestamp":"2025-08-12T17:22:30.429Z"}
{"level":"info","message":"Login successful for admin: Irungu","timestamp":"2025-08-12T17:23:24.078Z"}
{"level":"info","message":"Login successful for admin: Irungu","timestamp":"2025-08-12T17:24:09.427Z"}
{"level":"warn","message":"Login failed: admin not found (dev@admin.com)","timestamp":"2025-08-12T17:24:40.219Z"}
{"level":"info","message":"Login successful for admin: Irungu","timestamp":"2025-08-12T17:24:49.366Z"}
{"level":"info","message":"Login successful for admin: Irungu","timestamp":"2025-08-12T17:26:02.222Z"}
{"level":"warn","message":"Login failed: admin not found (p@23.com)","timestamp":"2025-08-12T17:26:21.928Z"}
{"level":"info","message":"Login successful for admin: Irungu","timestamp":"2025-08-12T17:26:29.827Z"}
